[16-Aug-2020 22:44:05 UTC] PHP Warning:  require(D:\home\tomfafard.com\wwwroot\php\PermissionsTableUsers.php): failed to open stream: No such file or directory in D:\home\tomfafard.com\wwwroot\php\PermissionsTable\index.php on line 3
[16-Aug-2020 22:44:05 UTC] PHP Fatal error:  require(): Failed opening required 'D:\home\tomfafard.com\wwwroot\php\PermissionsTableUsers.php' (include_path='.;C:\php\pear') in D:\home\tomfafard.com\wwwroot\php\PermissionsTable\index.php on line 3
[16-Aug-2020 22:58:58 UTC] PHP Fatal error:  Uncaught Error: Call to undefined function sqlsrv_connect() in D:\home\tomfafard.com\wwwroot\php\PermissionsTable\Mssql.php:33
Stack trace:
#0 D:\home\tomfafard.com\wwwroot\php\PermissionsTable\Users.php(33): Mssql->dbConnect()
#1 D:\home\tomfafard.com\wwwroot\php\PermissionsTable\UsersHandler.php(6): Users->getUsers()
#2 {main}
  thrown in D:\home\tomfafard.com\wwwroot\php\PermissionsTable\Mssql.php on line 33
[16-Aug-2020 23:02:50 UTC] PHP Fatal error:  Uncaught Error: Call to undefined function sqlsrv_connect() in D:\home\tomfafard.com\wwwroot\php\PermissionsTable\Mssql.php:33
Stack trace:
#0 D:\home\tomfafard.com\wwwroot\php\PermissionsTable\Users.php(30): Mssql->dbConnect()
#1 D:\home\tomfafard.com\wwwroot\php\PermissionsTable\UsersHandler.php(6): Users->getUsers()
#2 {main}
  thrown in D:\home\tomfafard.com\wwwroot\php\PermissionsTable\Mssql.php on line 33
[16-Aug-2020 23:04:56 UTC] PHP Parse error:  syntax error, unexpected end of file, expecting function (T_FUNCTION) or const (T_CONST) in D:\home\tomfafard.com\wwwroot\php\PermissionsTable\Users.php on line 53
[16-Aug-2020 23:05:20 UTC] PHP Fatal error:  Uncaught Error: Call to undefined function sqlsrv_connect() in D:\home\tomfafard.com\wwwroot\php\PermissionsTable\Mssql.php:33
Stack trace:
#0 D:\home\tomfafard.com\wwwroot\php\PermissionsTable\Users.php(32): Mssql->dbConnect()
#1 D:\home\tomfafard.com\wwwroot\php\PermissionsTable\UsersHandler.php(6): Users->getUsers()
#2 {main}
  thrown in D:\home\tomfafard.com\wwwroot\php\PermissionsTable\Mssql.php on line 33
[16-Aug-2020 23:05:45 UTC] PHP Fatal error:  Uncaught Error: Call to undefined function sqlsrv_connect() in D:\home\tomfafard.com\wwwroot\php\PermissionsTable\Mssql.php:33
Stack trace:
#0 D:\home\tomfafard.com\wwwroot\php\PermissionsTable\Users.php(32): Mssql->dbConnect()
#1 D:\home\tomfafard.com\wwwroot\php\PermissionsTable\UsersHandler.php(6): Users->getUsers()
#2 {main}
  thrown in D:\home\tomfafard.com\wwwroot\php\PermissionsTable\Mssql.php on line 33
[16-Aug-2020 23:07:46 UTC] PHP Fatal error:  Uncaught Error: Call to undefined function sqlsrv_connect() in D:\home\tomfafard.com\wwwroot\php\PermissionsTable\Mssql.php:33
Stack trace:
#0 D:\home\tomfafard.com\wwwroot\php\PermissionsTable\Users.php(32): Mssql->dbConnect()
#1 D:\home\tomfafard.com\wwwroot\php\PermissionsTable\UsersHandler.php(6): Users->getUsers()
#2 {main}
  thrown in D:\home\tomfafard.com\wwwroot\php\PermissionsTable\Mssql.php on line 33
[16-Aug-2020 23:09:02 UTC] PHP Fatal error:  Uncaught Error: Call to undefined function sqlsrv_connect() in D:\home\tomfafard.com\wwwroot\php\PermissionsTable\Mssql.php:33
Stack trace:
#0 D:\home\tomfafard.com\wwwroot\php\PermissionsTable\Users.php(32): Mssql->dbConnect()
#1 D:\home\tomfafard.com\wwwroot\php\PermissionsTable\UsersHandler.php(6): Users->getUsers()
#2 {main}
  thrown in D:\home\tomfafard.com\wwwroot\php\PermissionsTable\Mssql.php on line 33
[16-Aug-2020 23:09:36 UTC] PHP Fatal error:  Uncaught Error: Call to undefined function sqlsrv_connect() in D:\home\tomfafard.com\wwwroot\php\PermissionsTable\Mssql.php:33
Stack trace:
#0 D:\home\tomfafard.com\wwwroot\php\PermissionsTable\Users.php(32): Mssql->dbConnect()
#1 D:\home\tomfafard.com\wwwroot\php\PermissionsTable\UsersHandler.php(6): Users->getUsers()
#2 {main}
  thrown in D:\home\tomfafard.com\wwwroot\php\PermissionsTable\Mssql.php on line 33
[16-Aug-2020 23:11:35 UTC] PHP Fatal error:  Uncaught Error: Call to undefined function sqlsrv_connect() in D:\home\tomfafard.com\wwwroot\php\PermissionsTable\Mssql.php:33
Stack trace:
#0 D:\home\tomfafard.com\wwwroot\php\PermissionsTable\Users.php(32): Mssql->dbConnect()
#1 D:\home\tomfafard.com\wwwroot\php\PermissionsTable\UsersHandler.php(6): Users->getUsers()
#2 {main}
  thrown in D:\home\tomfafard.com\wwwroot\php\PermissionsTable\Mssql.php on line 33
[16-Aug-2020 23:26:55 UTC] PHP Fatal error:  Uncaught Error: Call to undefined function sqlsrv_query() in D:\home\tomfafard.com\wwwroot\php\PermissionsTable\Mssql.php:59
Stack trace:
#0 D:\home\tomfafard.com\wwwroot\php\PermissionsTable\Users.php(35): Mssql->selectWhere()
#1 D:\home\tomfafard.com\wwwroot\php\PermissionsTable\UsersHandler.php(6): Users->getUsers()
#2 {main}
  thrown in D:\home\tomfafard.com\wwwroot\php\PermissionsTable\Mssql.php on line 59
[17-Aug-2020 00:31:14 UTC] PHP Fatal error:  Uncaught TypeError: mail() expects parameter 3 to be string, null given in D:\home\tomfafard.com\wwwroot\php\PermissionsTable\Users.php:43
Stack trace:
#0 D:\home\tomfafard.com\wwwroot\php\PermissionsTable\Users.php(43): mail()
#1 D:\home\tomfafard.com\wwwroot\php\PermissionsTable\UsersHandler.php(6): Users->getUsers()
#2 {main}
  thrown in D:\home\tomfafard.com\wwwroot\php\PermissionsTable\Users.php on line 43
[17-Aug-2020 00:32:57 UTC] PHP Fatal error:  Uncaught TypeError: mail() expects parameter 3 to be string, null given in D:\home\tomfafard.com\wwwroot\php\PermissionsTable\Users.php:43
Stack trace:
#0 D:\home\tomfafard.com\wwwroot\php\PermissionsTable\Users.php(43): mail()
#1 D:\home\tomfafard.com\wwwroot\php\PermissionsTable\UsersHandler.php(6): Users->getUsers()
#2 {main}
  thrown in D:\home\tomfafard.com\wwwroot\php\PermissionsTable\Users.php on line 43
[17-Aug-2020 00:38:23 UTC] PHP Fatal error:  Uncaught TypeError: mail() expects parameter 3 to be string, null given in D:\home\tomfafard.com\wwwroot\php\PermissionsTable\Users.php:43
Stack trace:
#0 D:\home\tomfafard.com\wwwroot\php\PermissionsTable\Users.php(43): mail()
#1 D:\home\tomfafard.com\wwwroot\php\PermissionsTable\UsersHandler.php(6): Users->getUsers()
#2 {main}
  thrown in D:\home\tomfafard.com\wwwroot\php\PermissionsTable\Users.php on line 43
[17-Aug-2020 00:39:56 UTC] PHP Fatal error:  Uncaught TypeError: mail() expects parameter 3 to be string, null given in D:\home\tomfafard.com\wwwroot\php\PermissionsTable\Users.php:43
Stack trace:
#0 D:\home\tomfafard.com\wwwroot\php\PermissionsTable\Users.php(43): mail()
#1 D:\home\tomfafard.com\wwwroot\php\PermissionsTable\UsersHandler.php(6): Users->getUsers()
#2 {main}
  thrown in D:\home\tomfafard.com\wwwroot\php\PermissionsTable\Users.php on line 43
[17-Aug-2020 00:46:08 UTC] PHP Fatal error:  Uncaught TypeError: mail() expects parameter 3 to be string, object given in D:\home\tomfafard.com\wwwroot\php\PermissionsTable\Users.php:44
Stack trace:
#0 D:\home\tomfafard.com\wwwroot\php\PermissionsTable\Users.php(44): mail()
#1 D:\home\tomfafard.com\wwwroot\php\PermissionsTable\UsersHandler.php(6): Users->getUsers()
#2 {main}
  thrown in D:\home\tomfafard.com\wwwroot\php\PermissionsTable\Users.php on line 44
[17-Aug-2020 00:46:30 UTC] PHP Fatal error:  Uncaught TypeError: mail() expects parameter 3 to be string, null given in D:\home\tomfafard.com\wwwroot\php\PermissionsTable\Users.php:44
Stack trace:
#0 D:\home\tomfafard.com\wwwroot\php\PermissionsTable\Users.php(44): mail()
#1 D:\home\tomfafard.com\wwwroot\php\PermissionsTable\UsersHandler.php(6): Users->getUsers()
#2 {main}
  thrown in D:\home\tomfafard.com\wwwroot\php\PermissionsTable\Users.php on line 44
[17-Aug-2020 02:37:06 UTC] PHP Notice:  Undefined variable: result in D:\home\tomfafard.com\wwwroot\php\PermissionsTable\UsersHandler.php on line 19
[17-Aug-2020 03:54:39 UTC] PHP Warning:  mysqli_close() expects parameter 1 to be mysqli, null given in D:\home\tomfafard.com\wwwroot\php\PermissionsTable\Mysql.php on line 99
[17-Aug-2020 03:58:05 UTC] PHP Warning:  mysqli_close() expects parameter 1 to be mysqli, null given in D:\home\tomfafard.com\wwwroot\php\PermissionsTable\Mysql.php on line 99
[17-Aug-2020 03:59:09 UTC] PHP Warning:  mysqli_close() expects parameter 1 to be mysqli, null given in D:\home\tomfafard.com\wwwroot\php\PermissionsTable\Mysql.php on line 99
[17-Aug-2020 15:34:54 UTC] PHP Warning:  mysqli_connect(): (HY000/2002): No connection could be made because the target machine actively refused it.
 in D:\home\tomfafard.com\wwwroot\php\PermissionsTable\Mysql.php on line 36
[17-Aug-2020 15:37:42 UTC] PHP Notice:  Array to string conversion in D:\home\tomfafard.com\wwwroot\php\PermissionsTable\Mysql.php on line 61
[17-Aug-2020 15:37:44 UTC] PHP Warning:  mysqli_connect(): (HY000/2002): No connection could be made because the target machine actively refused it.
 in D:\home\tomfafard.com\wwwroot\php\PermissionsTable\Mysql.php on line 36
[17-Aug-2020 15:40:24 UTC] PHP Warning:  mysqli_connect(): (HY000/2002): No connection could be made because the target machine actively refused it.
 in D:\home\tomfafard.com\wwwroot\php\PermissionsTable\Mysql.php on line 36
[17-Aug-2020 15:42:38 UTC] PHP Warning:  mysqli_connect(): (HY000/2002): No connection could be made because the target machine actively refused it.
 in D:\home\tomfafard.com\wwwroot\php\PermissionsTable\Mysql.php on line 36
[17-Aug-2020 15:45:58 UTC] PHP Warning:  mysqli_connect(): (HY000/2002): No connection could be made because the target machine actively refused it.
 in D:\home\tomfafard.com\wwwroot\php\PermissionsTable\Mysql.php on line 36
[17-Aug-2020 15:47:01 UTC] PHP Warning:  mysqli_connect(): (HY000/2002): No connection could be made because the target machine actively refused it.
 in D:\home\tomfafard.com\wwwroot\php\PermissionsTable\Mysql.php on line 36
[17-Aug-2020 15:47:58 UTC] PHP Warning:  mysqli_connect(): (HY000/2002): No connection could be made because the target machine actively refused it.
 in D:\home\tomfafard.com\wwwroot\php\PermissionsTable\Mysql.php on line 36
[17-Aug-2020 15:59:53 UTC] PHP Fatal error:  Uncaught Error: Undefined class constant 'TABLE_WHITELIST' in D:\home\tomfafard.com\wwwroot\php\PermissionsTable\Mysql.php:53
Stack trace:
#0 D:\home\tomfafard.com\wwwroot\php\PermissionsTable\Mysql.php(32): Mysql->getColumnWhitelist()
#1 D:\home\tomfafard.com\wwwroot\php\PermissionsTable\Users.php(37): Mysql->__construct()
#2 D:\home\tomfafard.com\wwwroot\php\PermissionsTable\UsersHandler.php(18): Users->getUsers()
#3 {main}
  thrown in D:\home\tomfafard.com\wwwroot\php\PermissionsTable\Mysql.php on line 53
[17-Aug-2020 16:00:44 UTC] PHP Fatal error:  Uncaught Error: Undefined class constant 'TABLE_WHITELIST' in D:\home\tomfafard.com\wwwroot\php\PermissionsTable\Mysql.php:53
Stack trace:
#0 D:\home\tomfafard.com\wwwroot\php\PermissionsTable\Mysql.php(32): Mysql->getColumnWhitelist()
#1 D:\home\tomfafard.com\wwwroot\php\PermissionsTable\Users.php(37): Mysql->__construct()
#2 D:\home\tomfafard.com\wwwroot\php\PermissionsTable\UsersHandler.php(18): Users->getUsers()
#3 {main}
  thrown in D:\home\tomfafard.com\wwwroot\php\PermissionsTable\Mysql.php on line 53
[17-Aug-2020 16:02:03 UTC] PHP Warning:  mysqli_connect(): (HY000/2002): No connection could be made because the target machine actively refused it.
 in D:\home\tomfafard.com\wwwroot\php\PermissionsTable\Mysql.php on line 36
[17-Aug-2020 16:02:03 UTC] PHP Fatal error:  Uncaught Error: Undefined class constant 'COLUMNS_WHITELIST' in D:\home\tomfafard.com\wwwroot\php\PermissionsTable\Mysql.php:78
Stack trace:
#0 D:\home\tomfafard.com\wwwroot\php\PermissionsTable\Users.php(40): Mysql->selectWhere()
#1 D:\home\tomfafard.com\wwwroot\php\PermissionsTable\UsersHandler.php(18): Users->getUsers()
#2 {main}
  thrown in D:\home\tomfafard.com\wwwroot\php\PermissionsTable\Mysql.php on line 78
[17-Aug-2020 16:02:29 UTC] PHP Warning:  mysqli_connect(): (HY000/2002): No connection could be made because the target machine actively refused it.
 in D:\home\tomfafard.com\wwwroot\php\PermissionsTable\Mysql.php on line 36
[17-Aug-2020 16:02:29 UTC] PHP Fatal error:  Uncaught Error: Call to a member function prepare() on bool in D:\home\tomfafard.com\wwwroot\php\PermissionsTable\Mysql.php:89
Stack trace:
#0 D:\home\tomfafard.com\wwwroot\php\PermissionsTable\Users.php(40): Mysql->selectWhere()
#1 D:\home\tomfafard.com\wwwroot\php\PermissionsTable\UsersHandler.php(18): Users->getUsers()
#2 {main}
  thrown in D:\home\tomfafard.com\wwwroot\php\PermissionsTable\Mysql.php on line 89
[17-Aug-2020 16:03:00 UTC] PHP Warning:  mysqli_connect(): (HY000/2002): No connection could be made because the target machine actively refused it.
 in D:\home\tomfafard.com\wwwroot\php\PermissionsTable\Mysql.php on line 37
[17-Aug-2020 16:03:00 UTC] PHP Fatal error:  Uncaught Error: Call to a member function prepare() on bool in D:\home\tomfafard.com\wwwroot\php\PermissionsTable\Mysql.php:90
Stack trace:
#0 D:\home\tomfafard.com\wwwroot\php\PermissionsTable\Users.php(40): Mysql->selectWhere()
#1 D:\home\tomfafard.com\wwwroot\php\PermissionsTable\UsersHandler.php(18): Users->getUsers()
#2 {main}
  thrown in D:\home\tomfafard.com\wwwroot\php\PermissionsTable\Mysql.php on line 90
[17-Aug-2020 16:04:07 UTC] PHP Warning:  mysqli_connect(): (HY000/2002): No connection could be made because the target machine actively refused it.
 in D:\home\tomfafard.com\wwwroot\php\PermissionsTable\Mysql.php on line 37
[17-Aug-2020 16:04:07 UTC] PHP Fatal error:  Uncaught Error: Call to a member function prepare() on bool in D:\home\tomfafard.com\wwwroot\php\PermissionsTable\Mysql.php:90
Stack trace:
#0 D:\home\tomfafard.com\wwwroot\php\PermissionsTable\Users.php(40): Mysql->selectWhere()
#1 D:\home\tomfafard.com\wwwroot\php\PermissionsTable\UsersHandler.php(18): Users->getUsers()
#2 {main}
  thrown in D:\home\tomfafard.com\wwwroot\php\PermissionsTable\Mysql.php on line 90
[17-Aug-2020 16:21:50 UTC] PHP Warning:  mysqli_connect(): (HY000/2002): No connection could be made because the target machine actively refused it.
 in D:\home\tomfafard.com\wwwroot\php\PermissionsTable\Mysql.php on line 37
[17-Aug-2020 16:21:50 UTC] PHP Warning:  mysqli_prepare() expects parameter 1 to be mysqli, bool given in D:\home\tomfafard.com\wwwroot\php\PermissionsTable\Mysql.php on line 96
[17-Aug-2020 16:21:50 UTC] PHP Warning:  mysqli_stmt_bind_param() expects parameter 1 to be mysqli_stmt, null given in D:\home\tomfafard.com\wwwroot\php\PermissionsTable\Mysql.php on line 101
[17-Aug-2020 16:21:50 UTC] PHP Warning:  mysqli_stmt_fetch() expects parameter 1 to be mysqli_stmt, null given in D:\home\tomfafard.com\wwwroot\php\PermissionsTable\Mysql.php on line 104
[17-Aug-2020 16:21:50 UTC] PHP Warning:  mysqli_stmt_close() expects parameter 1 to be mysqli_stmt, null given in D:\home\tomfafard.com\wwwroot\php\PermissionsTable\Mysql.php on line 106
[17-Aug-2020 16:24:03 UTC] PHP Warning:  mysqli_connect(): (HY000/2002): No connection could be made because the target machine actively refused it.
 in D:\home\tomfafard.com\wwwroot\php\PermissionsTable\Mysql.php on line 37
[17-Aug-2020 16:24:03 UTC] PHP Warning:  mysqli_prepare() expects parameter 1 to be mysqli, bool given in D:\home\tomfafard.com\wwwroot\php\PermissionsTable\Mysql.php on line 96
[17-Aug-2020 16:24:03 UTC] PHP Warning:  mysqli_stmt_bind_param() expects parameter 1 to be mysqli_stmt, null given in D:\home\tomfafard.com\wwwroot\php\PermissionsTable\Mysql.php on line 101
[17-Aug-2020 16:24:03 UTC] PHP Warning:  mysqli_stmt_fetch() expects parameter 1 to be mysqli_stmt, null given in D:\home\tomfafard.com\wwwroot\php\PermissionsTable\Mysql.php on line 104
[17-Aug-2020 16:24:03 UTC] PHP Warning:  mysqli_stmt_close() expects parameter 1 to be mysqli_stmt, null given in D:\home\tomfafard.com\wwwroot\php\PermissionsTable\Mysql.php on line 106
[17-Aug-2020 16:25:46 UTC] PHP Warning:  mysqli_connect(): (HY000/2002): No connection could be made because the target machine actively refused it.
 in D:\home\tomfafard.com\wwwroot\php\PermissionsTable\Mysql.php on line 37
[17-Aug-2020 16:25:46 UTC] PHP Warning:  mysqli_prepare() expects parameter 1 to be mysqli, bool given in D:\home\tomfafard.com\wwwroot\php\PermissionsTable\Mysql.php on line 95
[17-Aug-2020 16:25:46 UTC] PHP Warning:  mysqli_stmt_bind_param() expects parameter 1 to be mysqli_stmt, null given in D:\home\tomfafard.com\wwwroot\php\PermissionsTable\Mysql.php on line 100
[17-Aug-2020 16:25:46 UTC] PHP Warning:  mysqli_stmt_fetch() expects parameter 1 to be mysqli_stmt, null given in D:\home\tomfafard.com\wwwroot\php\PermissionsTable\Mysql.php on line 103
[17-Aug-2020 16:25:46 UTC] PHP Warning:  mysqli_stmt_close() expects parameter 1 to be mysqli_stmt, null given in D:\home\tomfafard.com\wwwroot\php\PermissionsTable\Mysql.php on line 105
[17-Aug-2020 16:26:36 UTC] PHP Warning:  mysqli_connect(): (HY000/2002): No connection could be made because the target machine actively refused it.
 in D:\home\tomfafard.com\wwwroot\php\PermissionsTable\Mysql.php on line 37
[17-Aug-2020 16:26:36 UTC] PHP Warning:  mysqli_prepare() expects parameter 1 to be mysqli, bool given in D:\home\tomfafard.com\wwwroot\php\PermissionsTable\Mysql.php on line 95
[17-Aug-2020 16:26:36 UTC] PHP Warning:  mysqli_stmt_bind_param() expects parameter 1 to be mysqli_stmt, null given in D:\home\tomfafard.com\wwwroot\php\PermissionsTable\Mysql.php on line 100
[17-Aug-2020 16:26:36 UTC] PHP Warning:  mysqli_stmt_fetch() expects parameter 1 to be mysqli_stmt, null given in D:\home\tomfafard.com\wwwroot\php\PermissionsTable\Mysql.php on line 103
[17-Aug-2020 16:26:36 UTC] PHP Warning:  mysqli_stmt_close() expects parameter 1 to be mysqli_stmt, null given in D:\home\tomfafard.com\wwwroot\php\PermissionsTable\Mysql.php on line 105
[17-Aug-2020 16:27:30 UTC] PHP Warning:  mysqli_connect(): (HY000/2002): No connection could be made because the target machine actively refused it.
 in D:\home\tomfafard.com\wwwroot\php\PermissionsTable\Mysql.php on line 37
[17-Aug-2020 16:27:30 UTC] PHP Notice:  Accessing static property Mysql::$TABLE_WHITELIST as non static in D:\home\tomfafard.com\wwwroot\php\PermissionsTable\Mysql.php on line 68
[17-Aug-2020 16:27:30 UTC] PHP Notice:  Undefined property: Mysql::$TABLE_WHITELIST in D:\home\tomfafard.com\wwwroot\php\PermissionsTable\Mysql.php on line 68
[17-Aug-2020 16:27:30 UTC] PHP Warning:  in_array() expects parameter 2 to be array, null given in D:\home\tomfafard.com\wwwroot\php\PermissionsTable\Mysql.php on line 68
[17-Aug-2020 16:28:08 UTC] PHP Warning:  mysqli_connect(): (HY000/2002): No connection could be made because the target machine actively refused it.
 in D:\home\tomfafard.com\wwwroot\php\PermissionsTable\Mysql.php on line 37
[17-Aug-2020 16:28:08 UTC] PHP Warning:  mysqli_query() expects parameter 1 to be mysqli, bool given in D:\home\tomfafard.com\wwwroot\php\PermissionsTable\Mysql.php on line 74
[17-Aug-2020 16:32:37 UTC] PHP Warning:  mysqli_connect(): (HY000/2002): No connection could be made because the target machine actively refused it.
 in D:\home\tomfafard.com\wwwroot\php\PermissionsTable\Mysql.php on line 38
[17-Aug-2020 16:32:37 UTC] PHP Warning:  mysqli_query() expects parameter 1 to be mysqli, bool given in D:\home\tomfafard.com\wwwroot\php\PermissionsTable\Mysql.php on line 75
[17-Aug-2020 16:35:21 UTC] PHP Warning:  mysqli_connect(): (HY000/2002): No connection could be made because the target machine actively refused it.
 in D:\home\tomfafard.com\wwwroot\php\PermissionsTable\Mysql.php on line 38
[17-Aug-2020 16:35:21 UTC] PHP Warning:  mysqli_query() expects parameter 1 to be mysqli, bool given in D:\home\tomfafard.com\wwwroot\php\PermissionsTable\Mysql.php on line 75
[17-Aug-2020 16:38:50 UTC] PHP Warning:  mysqli_query() expects parameter 1 to be mysqli, null given in D:\home\tomfafard.com\wwwroot\php\PermissionsTable\Mysql.php on line 56
[17-Aug-2020 16:38:50 UTC] PHP Warning:  mysqli_fetch_fields() expects parameter 1 to be mysqli_result, null given in D:\home\tomfafard.com\wwwroot\php\PermissionsTable\Mysql.php on line 57
[17-Aug-2020 16:38:50 UTC] PHP Warning:  Invalid argument supplied for foreach() in D:\home\tomfafard.com\wwwroot\php\PermissionsTable\Mysql.php on line 58
[17-Aug-2020 16:38:50 UTC] PHP Warning:  mysqli_query() expects parameter 1 to be mysqli, null given in D:\home\tomfafard.com\wwwroot\php\PermissionsTable\Mysql.php on line 56
[17-Aug-2020 16:38:50 UTC] PHP Warning:  mysqli_fetch_fields() expects parameter 1 to be mysqli_result, null given in D:\home\tomfafard.com\wwwroot\php\PermissionsTable\Mysql.php on line 57
[17-Aug-2020 16:38:50 UTC] PHP Warning:  Invalid argument supplied for foreach() in D:\home\tomfafard.com\wwwroot\php\PermissionsTable\Mysql.php on line 58
[17-Aug-2020 16:38:50 UTC] PHP Warning:  mysqli_query() expects parameter 1 to be mysqli, null given in D:\home\tomfafard.com\wwwroot\php\PermissionsTable\Mysql.php on line 56
[17-Aug-2020 16:38:50 UTC] PHP Warning:  mysqli_fetch_fields() expects parameter 1 to be mysqli_result, null given in D:\home\tomfafard.com\wwwroot\php\PermissionsTable\Mysql.php on line 57
[17-Aug-2020 16:38:50 UTC] PHP Warning:  Invalid argument supplied for foreach() in D:\home\tomfafard.com\wwwroot\php\PermissionsTable\Mysql.php on line 58
[17-Aug-2020 16:38:50 UTC] PHP Warning:  mysqli_query() expects parameter 1 to be mysqli, null given in D:\home\tomfafard.com\wwwroot\php\PermissionsTable\Mysql.php on line 56
[17-Aug-2020 16:38:50 UTC] PHP Warning:  mysqli_fetch_fields() expects parameter 1 to be mysqli_result, null given in D:\home\tomfafard.com\wwwroot\php\PermissionsTable\Mysql.php on line 57
[17-Aug-2020 16:38:50 UTC] PHP Warning:  Invalid argument supplied for foreach() in D:\home\tomfafard.com\wwwroot\php\PermissionsTable\Mysql.php on line 58
[17-Aug-2020 16:44:41 UTC] PHP Fatal error:  Uncaught TypeError: mysqli_num_rows() expects parameter 1 to be mysqli_result, bool given in D:\home\tomfafard.com\wwwroot\php\PermissionsTable\Users.php:46
Stack trace:
#0 D:\home\tomfafard.com\wwwroot\php\PermissionsTable\Users.php(46): mysqli_num_rows()
#1 D:\home\tomfafard.com\wwwroot\php\PermissionsTable\UsersHandler.php(18): Users->getUsers()
#2 {main}
  thrown in D:\home\tomfafard.com\wwwroot\php\PermissionsTable\Users.php on line 46
[24-Aug-2020 15:40:11 UTC] PHP Fatal error:  Uncaught Error: Call to undefined function selectWhere() in D:\home\tomfafard.com\wwwroot\php\PermissionsTable\index.php:15
Stack trace:
#0 {main}
  thrown in D:\home\tomfafard.com\wwwroot\php\PermissionsTable\index.php on line 15
[24-Aug-2020 15:41:38 UTC] PHP Fatal error:  Uncaught Error: Call to undefined method Mysql::dbDiconnect() in D:\home\tomfafard.com\wwwroot\php\PermissionsTable\index.php:17
Stack trace:
#0 {main}
  thrown in D:\home\tomfafard.com\wwwroot\php\PermissionsTable\index.php on line 17
[24-Aug-2020 15:55:01 UTC] PHP Warning:  Use of undefined constant LOGON_ID - assumed 'LOGON_ID' (this will throw an Error in a future version of PHP) in D:\home\tomfafard.com\wwwroot\php\PermissionsTable\index.php on line 24
[24-Aug-2020 15:55:01 UTC] PHP Warning:  Use of undefined constant LOGON_ID - assumed 'LOGON_ID' (this will throw an Error in a future version of PHP) in D:\home\tomfafard.com\wwwroot\php\PermissionsTable\index.php on line 24
[24-Aug-2020 15:55:01 UTC] PHP Warning:  Use of undefined constant LOGON_ID - assumed 'LOGON_ID' (this will throw an Error in a future version of PHP) in D:\home\tomfafard.com\wwwroot\php\PermissionsTable\index.php on line 24
[24-Aug-2020 15:55:01 UTC] PHP Warning:  Use of undefined constant LOGON_ID - assumed 'LOGON_ID' (this will throw an Error in a future version of PHP) in D:\home\tomfafard.com\wwwroot\php\PermissionsTable\index.php on line 24
[24-Aug-2020 15:55:01 UTC] PHP Warning:  Use of undefined constant LOGON_ID - assumed 'LOGON_ID' (this will throw an Error in a future version of PHP) in D:\home\tomfafard.com\wwwroot\php\PermissionsTable\index.php on line 24
[24-Aug-2020 15:55:01 UTC] PHP Warning:  Use of undefined constant LOGON_ID - assumed 'LOGON_ID' (this will throw an Error in a future version of PHP) in D:\home\tomfafard.com\wwwroot\php\PermissionsTable\index.php on line 24
[24-Aug-2020 15:55:01 UTC] PHP Warning:  Use of undefined constant LOGON_ID - assumed 'LOGON_ID' (this will throw an Error in a future version of PHP) in D:\home\tomfafard.com\wwwroot\php\PermissionsTable\index.php on line 24
[24-Aug-2020 15:55:01 UTC] PHP Warning:  Use of undefined constant LOGON_ID - assumed 'LOGON_ID' (this will throw an Error in a future version of PHP) in D:\home\tomfafard.com\wwwroot\php\PermissionsTable\index.php on line 24
[24-Aug-2020 15:55:01 UTC] PHP Warning:  Use of undefined constant LOGON_ID - assumed 'LOGON_ID' (this will throw an Error in a future version of PHP) in D:\home\tomfafard.com\wwwroot\php\PermissionsTable\index.php on line 24
[24-Aug-2020 15:55:01 UTC] PHP Notice:  Array to string conversion in D:\home\tomfafard.com\wwwroot\php\PermissionsTable\index.php on line 351
[24-Aug-2020 15:55:27 UTC] PHP Notice:  Array to string conversion in D:\home\tomfafard.com\wwwroot\php\PermissionsTable\index.php on line 351
[24-Aug-2020 16:16:37 UTC] PHP Fatal error:  Uncaught TypeError: Argument 2 passed to Users::getUserCol() must be of the type int, string given, called in D:\home\tomfafard.com\wwwroot\php\PermissionsTable\UsersHandler.php on line 23 and defined in D:\home\tomfafard.com\wwwroot\php\PermissionsTable\Users.php:95
Stack trace:
#0 D:\home\tomfafard.com\wwwroot\php\PermissionsTable\UsersHandler.php(23): Users->getUserCol()
#1 {main}
  thrown in D:\home\tomfafard.com\wwwroot\php\PermissionsTable\Users.php on line 95
[24-Aug-2020 16:16:37 UTC] PHP Fatal error:  Uncaught TypeError: Argument 2 passed to Users::getUserCol() must be of the type int, string given, called in D:\home\tomfafard.com\wwwroot\php\PermissionsTable\UsersHandler.php on line 23 and defined in D:\home\tomfafard.com\wwwroot\php\PermissionsTable\Users.php:95
Stack trace:
#0 D:\home\tomfafard.com\wwwroot\php\PermissionsTable\UsersHandler.php(23): Users->getUserCol()
#1 {main}
  thrown in D:\home\tomfafard.com\wwwroot\php\PermissionsTable\Users.php on line 95
[24-Aug-2020 16:16:38 UTC] PHP Fatal error:  Uncaught TypeError: Argument 2 passed to Users::getUserCol() must be of the type int, string given, called in D:\home\tomfafard.com\wwwroot\php\PermissionsTable\UsersHandler.php on line 23 and defined in D:\home\tomfafard.com\wwwroot\php\PermissionsTable\Users.php:95
Stack trace:
#0 D:\home\tomfafard.com\wwwroot\php\PermissionsTable\UsersHandler.php(23): Users->getUserCol()
#1 {main}
  thrown in D:\home\tomfafard.com\wwwroot\php\PermissionsTable\Users.php on line 95
[24-Aug-2020 16:16:38 UTC] PHP Fatal error:  Uncaught TypeError: Argument 2 passed to Users::getUserCol() must be of the type int, string given, called in D:\home\tomfafard.com\wwwroot\php\PermissionsTable\UsersHandler.php on line 23 and defined in D:\home\tomfafard.com\wwwroot\php\PermissionsTable\Users.php:95
Stack trace:
#0 D:\home\tomfafard.com\wwwroot\php\PermissionsTable\UsersHandler.php(23): Users->getUserCol()
#1 {main}
  thrown in D:\home\tomfafard.com\wwwroot\php\PermissionsTable\Users.php on line 95
[24-Aug-2020 16:24:03 UTC] PHP Fatal error:  Uncaught TypeError: Argument 2 passed to Users::getUserCol() must be of the type int, string given, called in D:\home\tomfafard.com\wwwroot\php\PermissionsTable\UsersHandler.php on line 23 and defined in D:\home\tomfafard.com\wwwroot\php\PermissionsTable\Users.php:95
Stack trace:
#0 D:\home\tomfafard.com\wwwroot\php\PermissionsTable\UsersHandler.php(23): Users->getUserCol()
#1 {main}
  thrown in D:\home\tomfafard.com\wwwroot\php\PermissionsTable\Users.php on line 95
[24-Aug-2020 16:24:03 UTC] PHP Fatal error:  Uncaught TypeError: Argument 2 passed to Users::getUserCol() must be of the type int, string given, called in D:\home\tomfafard.com\wwwroot\php\PermissionsTable\UsersHandler.php on line 23 and defined in D:\home\tomfafard.com\wwwroot\php\PermissionsTable\Users.php:95
Stack trace:
#0 D:\home\tomfafard.com\wwwroot\php\PermissionsTable\UsersHandler.php(23): Users->getUserCol()
#1 {main}
  thrown in D:\home\tomfafard.com\wwwroot\php\PermissionsTable\Users.php on line 95
[24-Aug-2020 16:24:04 UTC] PHP Fatal error:  Uncaught TypeError: Argument 2 passed to Users::getUserCol() must be of the type int, string given, called in D:\home\tomfafard.com\wwwroot\php\PermissionsTable\UsersHandler.php on line 23 and defined in D:\home\tomfafard.com\wwwroot\php\PermissionsTable\Users.php:95
Stack trace:
#0 D:\home\tomfafard.com\wwwroot\php\PermissionsTable\UsersHandler.php(23): Users->getUserCol()
#1 {main}
  thrown in D:\home\tomfafard.com\wwwroot\php\PermissionsTable\Users.php on line 95
[24-Aug-2020 16:24:04 UTC] PHP Fatal error:  Uncaught TypeError: Argument 2 passed to Users::getUserCol() must be of the type int, string given, called in D:\home\tomfafard.com\wwwroot\php\PermissionsTable\UsersHandler.php on line 23 and defined in D:\home\tomfafard.com\wwwroot\php\PermissionsTable\Users.php:95
Stack trace:
#0 D:\home\tomfafard.com\wwwroot\php\PermissionsTable\UsersHandler.php(23): Users->getUserCol()
#1 {main}
  thrown in D:\home\tomfafard.com\wwwroot\php\PermissionsTable\Users.php on line 95
[24-Aug-2020 16:24:44 UTC] PHP Fatal error:  Uncaught TypeError: Argument 2 passed to Users::getUserCol() must be of the type int, string given, called in D:\home\tomfafard.com\wwwroot\php\PermissionsTable\UsersHandler.php on line 23 and defined in D:\home\tomfafard.com\wwwroot\php\PermissionsTable\Users.php:95
Stack trace:
#0 D:\home\tomfafard.com\wwwroot\php\PermissionsTable\UsersHandler.php(23): Users->getUserCol()
#1 {main}
  thrown in D:\home\tomfafard.com\wwwroot\php\PermissionsTable\Users.php on line 95
[24-Aug-2020 16:24:44 UTC] PHP Fatal error:  Uncaught TypeError: Argument 2 passed to Users::getUserCol() must be of the type int, string given, called in D:\home\tomfafard.com\wwwroot\php\PermissionsTable\UsersHandler.php on line 23 and defined in D:\home\tomfafard.com\wwwroot\php\PermissionsTable\Users.php:95
Stack trace:
#0 D:\home\tomfafard.com\wwwroot\php\PermissionsTable\UsersHandler.php(23): Users->getUserCol()
#1 {main}
  thrown in D:\home\tomfafard.com\wwwroot\php\PermissionsTable\Users.php on line 95
[24-Aug-2020 16:24:44 UTC] PHP Fatal error:  Uncaught TypeError: Argument 2 passed to Users::getUserCol() must be of the type int, string given, called in D:\home\tomfafard.com\wwwroot\php\PermissionsTable\UsersHandler.php on line 23 and defined in D:\home\tomfafard.com\wwwroot\php\PermissionsTable\Users.php:95
Stack trace:
#0 D:\home\tomfafard.com\wwwroot\php\PermissionsTable\UsersHandler.php(23): Users->getUserCol()
#1 {main}
  thrown in D:\home\tomfafard.com\wwwroot\php\PermissionsTable\Users.php on line 95
[24-Aug-2020 16:24:44 UTC] PHP Fatal error:  Uncaught TypeError: Argument 2 passed to Users::getUserCol() must be of the type int, string given, called in D:\home\tomfafard.com\wwwroot\php\PermissionsTable\UsersHandler.php on line 23 and defined in D:\home\tomfafard.com\wwwroot\php\PermissionsTable\Users.php:95
Stack trace:
#0 D:\home\tomfafard.com\wwwroot\php\PermissionsTable\UsersHandler.php(23): Users->getUserCol()
#1 {main}
  thrown in D:\home\tomfafard.com\wwwroot\php\PermissionsTable\Users.php on line 95
[24-Aug-2020 16:24:44 UTC] PHP Fatal error:  Uncaught TypeError: Argument 2 passed to Users::getUserCol() must be of the type int, string given, called in D:\home\tomfafard.com\wwwroot\php\PermissionsTable\UsersHandler.php on line 23 and defined in D:\home\tomfafard.com\wwwroot\php\PermissionsTable\Users.php:95
Stack trace:
#0 D:\home\tomfafard.com\wwwroot\php\PermissionsTable\UsersHandler.php(23): Users->getUserCol()
#1 {main}
  thrown in D:\home\tomfafard.com\wwwroot\php\PermissionsTable\Users.php on line 95
[24-Aug-2020 16:24:44 UTC] PHP Fatal error:  Uncaught TypeError: Argument 2 passed to Users::getUserCol() must be of the type int, string given, called in D:\home\tomfafard.com\wwwroot\php\PermissionsTable\UsersHandler.php on line 23 and defined in D:\home\tomfafard.com\wwwroot\php\PermissionsTable\Users.php:95
Stack trace:
#0 D:\home\tomfafard.com\wwwroot\php\PermissionsTable\UsersHandler.php(23): Users->getUserCol()
#1 {main}
  thrown in D:\home\tomfafard.com\wwwroot\php\PermissionsTable\Users.php on line 95
[24-Aug-2020 16:24:44 UTC] PHP Fatal error:  Uncaught TypeError: Argument 2 passed to Users::getUserCol() must be of the type int, string given, called in D:\home\tomfafard.com\wwwroot\php\PermissionsTable\UsersHandler.php on line 23 and defined in D:\home\tomfafard.com\wwwroot\php\PermissionsTable\Users.php:95
Stack trace:
#0 D:\home\tomfafard.com\wwwroot\php\PermissionsTable\UsersHandler.php(23): Users->getUserCol()
#1 {main}
  thrown in D:\home\tomfafard.com\wwwroot\php\PermissionsTable\Users.php on line 95
[24-Aug-2020 16:25:01 UTC] PHP Fatal error:  Uncaught TypeError: Argument 2 passed to Users::getUserCol() must be of the type int, string given, called in D:\home\tomfafard.com\wwwroot\php\PermissionsTable\UsersHandler.php on line 23 and defined in D:\home\tomfafard.com\wwwroot\php\PermissionsTable\Users.php:95
Stack trace:
#0 D:\home\tomfafard.com\wwwroot\php\PermissionsTable\UsersHandler.php(23): Users->getUserCol()
#1 {main}
  thrown in D:\home\tomfafard.com\wwwroot\php\PermissionsTable\Users.php on line 95
[24-Aug-2020 16:25:01 UTC] PHP Fatal error:  Uncaught TypeError: Argument 2 passed to Users::getUserCol() must be of the type int, string given, called in D:\home\tomfafard.com\wwwroot\php\PermissionsTable\UsersHandler.php on line 23 and defined in D:\home\tomfafard.com\wwwroot\php\PermissionsTable\Users.php:95
Stack trace:
#0 D:\home\tomfafard.com\wwwroot\php\PermissionsTable\UsersHandler.php(23): Users->getUserCol()
#1 {main}
  thrown in D:\home\tomfafard.com\wwwroot\php\PermissionsTable\Users.php on line 95
[24-Aug-2020 16:25:01 UTC] PHP Fatal error:  Uncaught TypeError: Argument 2 passed to Users::getUserCol() must be of the type int, string given, called in D:\home\tomfafard.com\wwwroot\php\PermissionsTable\UsersHandler.php on line 23 and defined in D:\home\tomfafard.com\wwwroot\php\PermissionsTable\Users.php:95
Stack trace:
#0 D:\home\tomfafard.com\wwwroot\php\PermissionsTable\UsersHandler.php(23): Users->getUserCol()
#1 {main}
  thrown in D:\home\tomfafard.com\wwwroot\php\PermissionsTable\Users.php on line 95
[24-Aug-2020 16:25:01 UTC] PHP Fatal error:  Uncaught TypeError: Argument 2 passed to Users::getUserCol() must be of the type int, string given, called in D:\home\tomfafard.com\wwwroot\php\PermissionsTable\UsersHandler.php on line 23 and defined in D:\home\tomfafard.com\wwwroot\php\PermissionsTable\Users.php:95
Stack trace:
#0 D:\home\tomfafard.com\wwwroot\php\PermissionsTable\UsersHandler.php(23): Users->getUserCol()
#1 {main}
  thrown in D:\home\tomfafard.com\wwwroot\php\PermissionsTable\Users.php on line 95
[24-Aug-2020 16:25:01 UTC] PHP Fatal error:  Uncaught TypeError: Argument 2 passed to Users::getUserCol() must be of the type int, string given, called in D:\home\tomfafard.com\wwwroot\php\PermissionsTable\UsersHandler.php on line 23 and defined in D:\home\tomfafard.com\wwwroot\php\PermissionsTable\Users.php:95
Stack trace:
#0 D:\home\tomfafard.com\wwwroot\php\PermissionsTable\UsersHandler.php(23): Users->getUserCol()
#1 {main}
  thrown in D:\home\tomfafard.com\wwwroot\php\PermissionsTable\Users.php on line 95
[24-Aug-2020 16:25:01 UTC] PHP Fatal error:  Uncaught TypeError: Argument 2 passed to Users::getUserCol() must be of the type int, string given, called in D:\home\tomfafard.com\wwwroot\php\PermissionsTable\UsersHandler.php on line 23 and defined in D:\home\tomfafard.com\wwwroot\php\PermissionsTable\Users.php:95
Stack trace:
#0 D:\home\tomfafard.com\wwwroot\php\PermissionsTable\UsersHandler.php(23): Users->getUserCol()
#1 {main}
  thrown in D:\home\tomfafard.com\wwwroot\php\PermissionsTable\Users.php on line 95
[24-Aug-2020 16:25:01 UTC] PHP Fatal error:  Uncaught TypeError: Argument 2 passed to Users::getUserCol() must be of the type int, string given, called in D:\home\tomfafard.com\wwwroot\php\PermissionsTable\UsersHandler.php on line 23 and defined in D:\home\tomfafard.com\wwwroot\php\PermissionsTable\Users.php:95
Stack trace:
#0 D:\home\tomfafard.com\wwwroot\php\PermissionsTable\UsersHandler.php(23): Users->getUserCol()
#1 {main}
  thrown in D:\home\tomfafard.com\wwwroot\php\PermissionsTable\Users.php on line 95
[24-Aug-2020 16:25:01 UTC] PHP Fatal error:  Uncaught TypeError: Argument 2 passed to Users::getUserCol() must be of the type int, string given, called in D:\home\tomfafard.com\wwwroot\php\PermissionsTable\UsersHandler.php on line 23 and defined in D:\home\tomfafard.com\wwwroot\php\PermissionsTable\Users.php:95
Stack trace:
#0 D:\home\tomfafard.com\wwwroot\php\PermissionsTable\UsersHandler.php(23): Users->getUserCol()
#1 {main}
  thrown in D:\home\tomfafard.com\wwwroot\php\PermissionsTable\Users.php on line 95
[24-Aug-2020 16:25:01 UTC] PHP Fatal error:  Uncaught TypeError: Argument 2 passed to Users::getUserCol() must be of the type int, string given, called in D:\home\tomfafard.com\wwwroot\php\PermissionsTable\UsersHandler.php on line 23 and defined in D:\home\tomfafard.com\wwwroot\php\PermissionsTable\Users.php:95
Stack trace:
#0 D:\home\tomfafard.com\wwwroot\php\PermissionsTable\UsersHandler.php(23): Users->getUserCol()
#1 {main}
  thrown in D:\home\tomfafard.com\wwwroot\php\PermissionsTable\Users.php on line 95
[24-Aug-2020 16:25:01 UTC] PHP Fatal error:  Uncaught TypeError: Argument 2 passed to Users::getUserCol() must be of the type int, string given, called in D:\home\tomfafard.com\wwwroot\php\PermissionsTable\UsersHandler.php on line 23 and defined in D:\home\tomfafard.com\wwwroot\php\PermissionsTable\Users.php:95
Stack trace:
#0 D:\home\tomfafard.com\wwwroot\php\PermissionsTable\UsersHandler.php(23): Users->getUserCol()
#1 {main}
  thrown in D:\home\tomfafard.com\wwwroot\php\PermissionsTable\Users.php on line 95
[24-Aug-2020 16:25:01 UTC] PHP Fatal error:  Uncaught TypeError: Argument 2 passed to Users::getUserCol() must be of the type int, string given, called in D:\home\tomfafard.com\wwwroot\php\PermissionsTable\UsersHandler.php on line 23 and defined in D:\home\tomfafard.com\wwwroot\php\PermissionsTable\Users.php:95
Stack trace:
#0 D:\home\tomfafard.com\wwwroot\php\PermissionsTable\UsersHandler.php(23): Users->getUserCol()
#1 {main}
  thrown in D:\home\tomfafard.com\wwwroot\php\PermissionsTable\Users.php on line 95
[24-Aug-2020 16:25:01 UTC] PHP Fatal error:  Uncaught TypeError: Argument 2 passed to Users::getUserCol() must be of the type int, string given, called in D:\home\tomfafard.com\wwwroot\php\PermissionsTable\UsersHandler.php on line 23 and defined in D:\home\tomfafard.com\wwwroot\php\PermissionsTable\Users.php:95
Stack trace:
#0 D:\home\tomfafard.com\wwwroot\php\PermissionsTable\UsersHandler.php(23): Users->getUserCol()
#1 {main}
  thrown in D:\home\tomfafard.com\wwwroot\php\PermissionsTable\Users.php on line 95
[24-Aug-2020 16:25:01 UTC] PHP Fatal error:  Uncaught TypeError: Argument 2 passed to Users::getUserCol() must be of the type int, string given, called in D:\home\tomfafard.com\wwwroot\php\PermissionsTable\UsersHandler.php on line 23 and defined in D:\home\tomfafard.com\wwwroot\php\PermissionsTable\Users.php:95
Stack trace:
#0 D:\home\tomfafard.com\wwwroot\php\PermissionsTable\UsersHandler.php(23): Users->getUserCol()
#1 {main}
  thrown in D:\home\tomfafard.com\wwwroot\php\PermissionsTable\Users.php on line 95
[24-Aug-2020 16:30:46 UTC] PHP Fatal error:  Uncaught TypeError: Argument 2 passed to Users::getUserCol() must be of the type int, string given, called in D:\home\tomfafard.com\wwwroot\php\PermissionsTable\UsersHandler.php on line 23 and defined in D:\home\tomfafard.com\wwwroot\php\PermissionsTable\Users.php:95
Stack trace:
#0 D:\home\tomfafard.com\wwwroot\php\PermissionsTable\UsersHandler.php(23): Users->getUserCol()
#1 {main}
  thrown in D:\home\tomfafard.com\wwwroot\php\PermissionsTable\Users.php on line 95
[24-Aug-2020 16:30:46 UTC] PHP Fatal error:  Uncaught TypeError: Argument 2 passed to Users::getUserCol() must be of the type int, string given, called in D:\home\tomfafard.com\wwwroot\php\PermissionsTable\UsersHandler.php on line 23 and defined in D:\home\tomfafard.com\wwwroot\php\PermissionsTable\Users.php:95
Stack trace:
#0 D:\home\tomfafard.com\wwwroot\php\PermissionsTable\UsersHandler.php(23): Users->getUserCol()
#1 {main}
  thrown in D:\home\tomfafard.com\wwwroot\php\PermissionsTable\Users.php on line 95
[26-Aug-2020 15:59:56 UTC] PHP Notice:  Undefined index: USER_ID in D:\home\tomfafard.com\wwwroot\php\PermissionsTable\UsersHandler.php on line 23
[26-Aug-2020 15:59:56 UTC] PHP Fatal error:  Uncaught TypeError: Argument 2 passed to Users::getUserCol() must be of the type int, null given, called in D:\home\tomfafard.com\wwwroot\php\PermissionsTable\UsersHandler.php on line 23 and defined in D:\home\tomfafard.com\wwwroot\php\PermissionsTable\Users.php:95
Stack trace:
#0 D:\home\tomfafard.com\wwwroot\php\PermissionsTable\UsersHandler.php(23): Users->getUserCol()
#1 {main}
  thrown in D:\home\tomfafard.com\wwwroot\php\PermissionsTable\Users.php on line 95
[26-Aug-2020 16:03:18 UTC] PHP Notice:  Undefined index: USER_ID in D:\home\tomfafard.com\wwwroot\php\PermissionsTable\UsersHandler.php on line 23
[26-Aug-2020 16:03:18 UTC] PHP Fatal error:  Uncaught TypeError: Argument 2 passed to Users::getUserCol() must be of the type int, null given, called in D:\home\tomfafard.com\wwwroot\php\PermissionsTable\UsersHandler.php on line 23 and defined in D:\home\tomfafard.com\wwwroot\php\PermissionsTable\Users.php:95
Stack trace:
#0 D:\home\tomfafard.com\wwwroot\php\PermissionsTable\UsersHandler.php(23): Users->getUserCol()
#1 {main}
  thrown in D:\home\tomfafard.com\wwwroot\php\PermissionsTable\Users.php on line 95
[26-Aug-2020 16:30:52 UTC] PHP Notice:  Undefined index: USER_ID in D:\home\tomfafard.com\wwwroot\php\PermissionsTable\UsersHandler.php on line 23
[26-Aug-2020 16:30:52 UTC] PHP Fatal error:  Uncaught TypeError: Argument 2 passed to Users::getUserCol() must be of the type int, null given, called in D:\home\tomfafard.com\wwwroot\php\PermissionsTable\UsersHandler.php on line 23 and defined in D:\home\tomfafard.com\wwwroot\php\PermissionsTable\Users.php:95
Stack trace:
#0 D:\home\tomfafard.com\wwwroot\php\PermissionsTable\UsersHandler.php(23): Users->getUserCol()
#1 {main}
  thrown in D:\home\tomfafard.com\wwwroot\php\PermissionsTable\Users.php on line 95
[26-Aug-2020 16:37:44 UTC] PHP Notice:  Undefined index: USER_ID in D:\home\tomfafard.com\wwwroot\php\PermissionsTable\UsersHandler.php on line 23
[26-Aug-2020 16:37:44 UTC] PHP Fatal error:  Uncaught TypeError: Argument 2 passed to Users::getUserCol() must be of the type int, null given, called in D:\home\tomfafard.com\wwwroot\php\PermissionsTable\UsersHandler.php on line 23 and defined in D:\home\tomfafard.com\wwwroot\php\PermissionsTable\Users.php:95
Stack trace:
#0 D:\home\tomfafard.com\wwwroot\php\PermissionsTable\UsersHandler.php(23): Users->getUserCol()
#1 {main}
  thrown in D:\home\tomfafard.com\wwwroot\php\PermissionsTable\Users.php on line 95
[31-Aug-2020 17:59:11 UTC] PHP Notice:  Undefined variable: result in D:\home\tomfafard.com\wwwroot\php\PermissionsTable\UsersHandler.php on line 31
[31-Aug-2020 17:59:12 UTC] PHP Notice:  Undefined variable: result in D:\home\tomfafard.com\wwwroot\php\PermissionsTable\UsersHandler.php on line 31
[31-Aug-2020 18:00:38 UTC] PHP Notice:  Undefined index: user_id in D:\home\tomfafard.com\wwwroot\php\PermissionsTable\UsersHandler.php on line 23
[31-Aug-2020 18:00:38 UTC] PHP Fatal error:  Uncaught TypeError: Argument 1 passed to Users::getUser() must be of the type int, null given, called in D:\home\tomfafard.com\wwwroot\php\PermissionsTable\UsersHandler.php on line 23 and defined in D:\home\tomfafard.com\wwwroot\php\PermissionsTable\Users.php:87
Stack trace:
#0 D:\home\tomfafard.com\wwwroot\php\PermissionsTable\UsersHandler.php(23): Users->getUser()
#1 {main}
  thrown in D:\home\tomfafard.com\wwwroot\php\PermissionsTable\Users.php on line 87
[31-Aug-2020 18:00:39 UTC] PHP Notice:  Undefined index: user_id in D:\home\tomfafard.com\wwwroot\php\PermissionsTable\UsersHandler.php on line 23
[31-Aug-2020 18:00:39 UTC] PHP Fatal error:  Uncaught TypeError: Argument 1 passed to Users::getUser() must be of the type int, null given, called in D:\home\tomfafard.com\wwwroot\php\PermissionsTable\UsersHandler.php on line 23 and defined in D:\home\tomfafard.com\wwwroot\php\PermissionsTable\Users.php:87
Stack trace:
#0 D:\home\tomfafard.com\wwwroot\php\PermissionsTable\UsersHandler.php(23): Users->getUser()
#1 {main}
  thrown in D:\home\tomfafard.com\wwwroot\php\PermissionsTable\Users.php on line 87
[31-Aug-2020 18:04:15 UTC] PHP Parse error:  syntax error, unexpected '$newLogonName' (T_VARIABLE) in D:\home\tomfafard.com\wwwroot\php\PermissionsTable\Users.php on line 113
[31-Aug-2020 18:04:15 UTC] PHP Parse error:  syntax error, unexpected '$newLogonName' (T_VARIABLE) in D:\home\tomfafard.com\wwwroot\php\PermissionsTable\Users.php on line 113
[31-Aug-2020 18:04:16 UTC] PHP Parse error:  syntax error, unexpected '$newLogonName' (T_VARIABLE) in D:\home\tomfafard.com\wwwroot\php\PermissionsTable\Users.php on line 113
[31-Aug-2020 18:04:39 UTC] PHP Notice:  Undefined index: logon_user in D:\home\tomfafard.com\wwwroot\php\PermissionsTable\UsersHandler.php on line 28
[31-Aug-2020 18:04:39 UTC] PHP Notice:  Undefined index: user_id in D:\home\tomfafard.com\wwwroot\php\PermissionsTable\UsersHandler.php on line 28
[31-Aug-2020 18:04:39 UTC] PHP Fatal error:  Uncaught TypeError: Argument 1 passed to Users::getUserCol() must be of the type string, null given, called in D:\home\tomfafard.com\wwwroot\php\PermissionsTable\UsersHandler.php on line 28 and defined in D:\home\tomfafard.com\wwwroot\php\PermissionsTable\Users.php:160
Stack trace:
#0 D:\home\tomfafard.com\wwwroot\php\PermissionsTable\UsersHandler.php(28): Users->getUserCol()
#1 {main}
  thrown in D:\home\tomfafard.com\wwwroot\php\PermissionsTable\Users.php on line 160
[31-Aug-2020 18:04:39 UTC] PHP Notice:  Undefined index: logon_user in D:\home\tomfafard.com\wwwroot\php\PermissionsTable\UsersHandler.php on line 28
[31-Aug-2020 18:04:39 UTC] PHP Notice:  Undefined index: user_id in D:\home\tomfafard.com\wwwroot\php\PermissionsTable\UsersHandler.php on line 28
[31-Aug-2020 18:04:39 UTC] PHP Fatal error:  Uncaught TypeError: Argument 1 passed to Users::getUserCol() must be of the type string, null given, called in D:\home\tomfafard.com\wwwroot\php\PermissionsTable\UsersHandler.php on line 28 and defined in D:\home\tomfafard.com\wwwroot\php\PermissionsTable\Users.php:160
Stack trace:
#0 D:\home\tomfafard.com\wwwroot\php\PermissionsTable\UsersHandler.php(28): Users->getUserCol()
#1 {main}
  thrown in D:\home\tomfafard.com\wwwroot\php\PermissionsTable\Users.php on line 160
[31-Aug-2020 18:05:34 UTC] PHP Notice:  Undefined index: logon_user in D:\home\tomfafard.com\wwwroot\php\PermissionsTable\UsersHandler.php on line 28
[31-Aug-2020 18:05:34 UTC] PHP Notice:  Undefined index: user_id in D:\home\tomfafard.com\wwwroot\php\PermissionsTable\UsersHandler.php on line 28
[31-Aug-2020 18:05:34 UTC] PHP Fatal error:  Uncaught TypeError: Argument 1 passed to Users::getUserCol() must be of the type string, null given, called in D:\home\tomfafard.com\wwwroot\php\PermissionsTable\UsersHandler.php on line 28 and defined in D:\home\tomfafard.com\wwwroot\php\PermissionsTable\Users.php:160
Stack trace:
#0 D:\home\tomfafard.com\wwwroot\php\PermissionsTable\UsersHandler.php(28): Users->getUserCol()
#1 {main}
  thrown in D:\home\tomfafard.com\wwwroot\php\PermissionsTable\Users.php on line 160
[31-Aug-2020 18:05:34 UTC] PHP Notice:  Undefined index: logon_user in D:\home\tomfafard.com\wwwroot\php\PermissionsTable\UsersHandler.php on line 28
[31-Aug-2020 18:05:34 UTC] PHP Notice:  Undefined index: user_id in D:\home\tomfafard.com\wwwroot\php\PermissionsTable\UsersHandler.php on line 28
[31-Aug-2020 18:05:34 UTC] PHP Fatal error:  Uncaught TypeError: Argument 1 passed to Users::getUserCol() must be of the type string, null given, called in D:\home\tomfafard.com\wwwroot\php\PermissionsTable\UsersHandler.php on line 28 and defined in D:\home\tomfafard.com\wwwroot\php\PermissionsTable\Users.php:160
Stack trace:
#0 D:\home\tomfafard.com\wwwroot\php\PermissionsTable\UsersHandler.php(28): Users->getUserCol()
#1 {main}
  thrown in D:\home\tomfafard.com\wwwroot\php\PermissionsTable\Users.php on line 160
[21-Sep-2020 17:09:38 UTC] PHP Warning:  require(D:\home\tomfafard.com\wwwroot\php\PermissionsTable\Mysql.php): failed to open stream: No such file or directory in D:\home\tomfafard.com\wwwroot\php\PermissionsTable\index.php on line 3
[21-Sep-2020 17:09:38 UTC] PHP Fatal error:  require(): Failed opening required 'D:\home\tomfafard.com\wwwroot\php\PermissionsTable\Mysql.php' (include_path='.;C:\php\pear') in D:\home\tomfafard.com\wwwroot\php\PermissionsTable\index.php on line 3
[21-Sep-2020 17:10:45 UTC] PHP Warning:  require_once(D:\home\tomfafard.com\wwwroot\php\PermissionsTable\Mysql.php): failed to open stream: No such file or directory in D:\home\tomfafard.com\wwwroot\php\PermissionsTable\Forms.php on line 4
[21-Sep-2020 17:10:45 UTC] PHP Fatal error:  require_once(): Failed opening required 'D:\home\tomfafard.com\wwwroot\php\PermissionsTable\Mysql.php' (include_path='.;C:\php\pear') in D:\home\tomfafard.com\wwwroot\php\PermissionsTable\Forms.php on line 4
